2020-09-10T00:52:17.141Z error uncaughtException: validate is not defined
ReferenceError: validate is not defined
    at Object.<anonymous> (C:\Users\oyino\Documents\Applications\shop\eShop\eShop\server\validation\auth.js:16:26)
    at Module._compile (internal/modules/cjs/loader.js:1137:30)
    at Object.Module._extensions..js (internal/modules/cjs/loader.js:1157:10)
    at Module.load (internal/modules/cjs/loader.js:985:32)
    at Function.Module._load (internal/modules/cjs/loader.js:878:14)
    at Module.require (internal/modules/cjs/loader.js:1025:19)
    at require (internal/modules/cjs/helpers.js:72:18)
    at Object.<anonymous> (C:\Users\oyino\Documents\Applications\shop\eShop\eShop\server\controllers\auth.js:2:22)
    at Module._compile (internal/modules/cjs/loader.js:1137:30)
    at Object.Module._extensions..js (internal/modules/cjs/loader.js:1157:10)
    at Module.load (internal/modules/cjs/loader.js:985:32)
    at Function.Module._load (internal/modules/cjs/loader.js:878:14)
    at Module.require (internal/modules/cjs/loader.js:1025:19)
    at require (internal/modules/cjs/helpers.js:72:18)
    at Object.<anonymous> (C:\Users\oyino\Documents\Applications\shop\eShop\eShop\server\routes\api\auth.js:3:24)
    at Module._compile (internal/modules/cjs/loader.js:1137:30)
2020-09-10T00:52:59.931Z error uncaughtException: Route.post() requires a callback function but got a [object Object]
Error: Route.post() requires a callback function but got a [object Object]
    at Route.<computed> [as post] (C:\Users\oyino\Documents\Applications\shop\eShop\eShop\node_modules\express\lib\router\route.js:202:15)
    at Function.proto.<computed> [as post] (C:\Users\oyino\Documents\Applications\shop\eShop\eShop\node_modules\express\lib\router\index.js:510:19)
    at Object.<anonymous> (C:\Users\oyino\Documents\Applications\shop\eShop\eShop\server\routes\api\auth.js:5:8)
    at Module._compile (internal/modules/cjs/loader.js:1137:30)
    at Object.Module._extensions..js (internal/modules/cjs/loader.js:1157:10)
    at Module.load (internal/modules/cjs/loader.js:985:32)
    at Function.Module._load (internal/modules/cjs/loader.js:878:14)
    at Module.require (internal/modules/cjs/loader.js:1025:19)
    at require (internal/modules/cjs/helpers.js:72:18)
    at Object.<anonymous> (C:\Users\oyino\Documents\Applications\shop\eShop\eShop\server.js:8:14)
    at Module._compile (internal/modules/cjs/loader.js:1137:30)
    at Object.Module._extensions..js (internal/modules/cjs/loader.js:1157:10)
    at Module.load (internal/modules/cjs/loader.js:985:32)
    at Function.Module._load (internal/modules/cjs/loader.js:878:14)
    at Function.executeUserEntryPoint [as runMain] (internal/modules/run_main.js:71:12)
    at internal/main/run_main_module.js:17:47
2020-09-10T00:54:45.526Z error uncaughtException: Route.post() requires a callback function but got a [object Object]
Error: Route.post() requires a callback function but got a [object Object]
    at Route.<computed> [as post] (C:\Users\oyino\Documents\Applications\shop\eShop\eShop\node_modules\express\lib\router\route.js:202:15)
    at Function.proto.<computed> [as post] (C:\Users\oyino\Documents\Applications\shop\eShop\eShop\node_modules\express\lib\router\index.js:510:19)
    at Object.<anonymous> (C:\Users\oyino\Documents\Applications\shop\eShop\eShop\server\routes\api\auth.js:5:8)
    at Module._compile (internal/modules/cjs/loader.js:1137:30)
    at Object.Module._extensions..js (internal/modules/cjs/loader.js:1157:10)
    at Module.load (internal/modules/cjs/loader.js:985:32)
    at Function.Module._load (internal/modules/cjs/loader.js:878:14)
    at Module.require (internal/modules/cjs/loader.js:1025:19)
    at require (internal/modules/cjs/helpers.js:72:18)
    at Object.<anonymous> (C:\Users\oyino\Documents\Applications\shop\eShop\eShop\server.js:8:14)
    at Module._compile (internal/modules/cjs/loader.js:1137:30)
    at Object.Module._extensions..js (internal/modules/cjs/loader.js:1157:10)
    at Module.load (internal/modules/cjs/loader.js:985:32)
    at Function.Module._load (internal/modules/cjs/loader.js:878:14)
    at Function.executeUserEntryPoint [as runMain] (internal/modules/run_main.js:71:12)
    at internal/main/run_main_module.js:17:47
2020-09-10T00:54:50.951Z error uncaughtException: Router.use() requires a middleware function but got a Object
TypeError: Router.use() requires a middleware function but got a Object
    at Function.use (C:\Users\oyino\Documents\Applications\shop\eShop\eShop\node_modules\express\lib\router\index.js:458:13)
    at Function.<anonymous> (C:\Users\oyino\Documents\Applications\shop\eShop\eShop\node_modules\express\lib\application.js:220:21)
    at Array.forEach (<anonymous>)
    at Function.use (C:\Users\oyino\Documents\Applications\shop\eShop\eShop\node_modules\express\lib\application.js:217:7)
    at Object.<anonymous> (C:\Users\oyino\Documents\Applications\shop\eShop\eShop\server.js:23:5)
    at Module._compile (internal/modules/cjs/loader.js:1137:30)
    at Object.Module._extensions..js (internal/modules/cjs/loader.js:1157:10)
    at Module.load (internal/modules/cjs/loader.js:985:32)
    at Function.Module._load (internal/modules/cjs/loader.js:878:14)
    at Function.executeUserEntryPoint [as runMain] (internal/modules/run_main.js:71:12)
    at internal/main/run_main_module.js:17:47
2020-09-10T00:57:13.618Z info ::1 - - [10/Sep/2020:00:57:13 +0000] "GET /api/auth HTTP/1.1" 404 147 "-" "PostmanRuntime/7.26.5"

2020-09-10T03:02:35.781Z info ::1 - - [10/Sep/2020:03:02:35 +0000] "POST /api/users/signup HTTP/1.1" 404 156 "-" "PostmanRuntime/7.26.5"

2020-09-10T03:04:54.640Z error 500 - Options contain unknown keys: mainDomainSegments - /api/users/signup - POST - ::1
2020-09-10T03:07:09.915Z error 500 - Options contain unknown keys: mainDomainSegments - /api/users/signup - POST - ::1
2020-09-10T03:07:53.397Z error uncaughtException: Route.post() requires a callback function but got a [object Undefined]
Error: Route.post() requires a callback function but got a [object Undefined]
    at Route.<computed> [as post] (C:\Users\oyino\Documents\Applications\shop\eShop\eShop\node_modules\express\lib\router\route.js:202:15)
    at Function.proto.<computed> [as post] (C:\Users\oyino\Documents\Applications\shop\eShop\eShop\node_modules\express\lib\router\index.js:510:19)
    at Object.<anonymous> (C:\Users\oyino\Documents\Applications\shop\eShop\eShop\server\routes\api\user.js:5:8)
    at Module._compile (internal/modules/cjs/loader.js:1137:30)
    at Object.Module._extensions..js (internal/modules/cjs/loader.js:1157:10)
    at Module.load (internal/modules/cjs/loader.js:985:32)
    at Function.Module._load (internal/modules/cjs/loader.js:878:14)
    at Module.require (internal/modules/cjs/loader.js:1025:19)
    at require (internal/modules/cjs/helpers.js:72:18)
    at Object.<anonymous> (C:\Users\oyino\Documents\Applications\shop\eShop\eShop\server.js:9:14)
    at Module._compile (internal/modules/cjs/loader.js:1137:30)
    at Object.Module._extensions..js (internal/modules/cjs/loader.js:1157:10)
    at Module.load (internal/modules/cjs/loader.js:985:32)
    at Function.Module._load (internal/modules/cjs/loader.js:878:14)
    at Function.executeUserEntryPoint [as runMain] (internal/modules/run_main.js:71:12)
    at internal/main/run_main_module.js:17:47
2020-09-10T03:08:08.256Z error 500 - Options contain unknown keys: mainDomainSegments - /api/users/signup - POST - ::1
2020-09-10T03:09:38.828Z error 500 - Options contain unknown keys: mainDomainSegments - /api/users - POST - ::1
2020-09-10T03:09:41.104Z error 500 - Options contain unknown keys: mainDomainSegments - /api/users - POST - ::1
2020-09-10T03:10:54.706Z error uncaughtException: Identifier 'User' has already been declared
C:\Users\oyino\Documents\Applications\shop\eShop\eShop\server\controllers\user.js:3
const { User } = require("../models/User");
        ^

SyntaxError: Identifier 'User' has already been declared
    at wrapSafe (internal/modules/cjs/loader.js:1053:16)
    at Module._compile (internal/modules/cjs/loader.js:1101:27)
    at Object.Module._extensions..js (internal/modules/cjs/loader.js:1157:10)
    at Module.load (internal/modules/cjs/loader.js:985:32)
    at Function.Module._load (internal/modules/cjs/loader.js:878:14)
    at Module.require (internal/modules/cjs/loader.js:1025:19)
    at require (internal/modules/cjs/helpers.js:72:18)
    at Object.<anonymous> (C:\Users\oyino\Documents\Applications\shop\eShop\eShop\server\routes\api\user.js:3:24)
    at Module._compile (internal/modules/cjs/loader.js:1137:30)
    at Object.Module._extensions..js (internal/modules/cjs/loader.js:1157:10)
    at Module.load (internal/modules/cjs/loader.js:985:32)
    at Function.Module._load (internal/modules/cjs/loader.js:878:14)
    at Module.require (internal/modules/cjs/loader.js:1025:19)
    at require (internal/modules/cjs/helpers.js:72:18)
    at Object.<anonymous> (C:\Users\oyino\Documents\Applications\shop\eShop\eShop\server.js:9:14)
    at Module._compile (internal/modules/cjs/loader.js:1137:30)
2020-09-10T03:11:28.401Z info ::1 - - [10/Sep/2020:03:11:28 +0000] "POST /api/users HTTP/1.1" 404 149 "-" "PostmanRuntime/7.26.5"

2020-09-10T03:11:48.873Z error 500 - Options contain unknown keys: mainDomainSegments - /api/users/signup - POST - ::1
2020-09-10T03:14:33.233Z error uncaughtException: string is not defined
ReferenceError: string is not defined
    at Object.<anonymous> (C:\Users\oyino\Documents\Applications\shop\eShop\eShop\server\models\User.js:26:28)
    at Module._compile (internal/modules/cjs/loader.js:1137:30)
    at Object.Module._extensions..js (internal/modules/cjs/loader.js:1157:10)
    at Module.load (internal/modules/cjs/loader.js:985:32)
    at Function.Module._load (internal/modules/cjs/loader.js:878:14)
    at Module.require (internal/modules/cjs/loader.js:1025:19)
    at require (internal/modules/cjs/helpers.js:72:18)
    at Object.<anonymous> (C:\Users\oyino\Documents\Applications\shop\eShop\eShop\server\controllers\auth.js:1:18)
    at Module._compile (internal/modules/cjs/loader.js:1137:30)
    at Object.Module._extensions..js (internal/modules/cjs/loader.js:1157:10)
    at Module.load (internal/modules/cjs/loader.js:985:32)
    at Function.Module._load (internal/modules/cjs/loader.js:878:14)
    at Module.require (internal/modules/cjs/loader.js:1025:19)
    at require (internal/modules/cjs/helpers.js:72:18)
    at Object.<anonymous> (C:\Users\oyino\Documents\Applications\shop\eShop\eShop\server\routes\api\auth.js:3:24)
    at Module._compile (internal/modules/cjs/loader.js:1137:30)
2020-09-10T03:15:32.851Z error uncaughtException: string is not defined
ReferenceError: string is not defined
    at Object.<anonymous> (C:\Users\oyino\Documents\Applications\shop\eShop\eShop\server\models\User.js:26:28)
    at Module._compile (internal/modules/cjs/loader.js:1137:30)
    at Object.Module._extensions..js (internal/modules/cjs/loader.js:1157:10)
    at Module.load (internal/modules/cjs/loader.js:985:32)
    at Function.Module._load (internal/modules/cjs/loader.js:878:14)
    at Module.require (internal/modules/cjs/loader.js:1025:19)
    at require (internal/modules/cjs/helpers.js:72:18)
    at Object.<anonymous> (C:\Users\oyino\Documents\Applications\shop\eShop\eShop\server\controllers\auth.js:1:18)
    at Module._compile (internal/modules/cjs/loader.js:1137:30)
    at Object.Module._extensions..js (internal/modules/cjs/loader.js:1157:10)
    at Module.load (internal/modules/cjs/loader.js:985:32)
    at Function.Module._load (internal/modules/cjs/loader.js:878:14)
    at Module.require (internal/modules/cjs/loader.js:1025:19)
    at require (internal/modules/cjs/helpers.js:72:18)
    at Object.<anonymous> (C:\Users\oyino\Documents\Applications\shop\eShop\eShop\server\routes\api\auth.js:3:24)
    at Module._compile (internal/modules/cjs/loader.js:1137:30)
2020-09-10T03:15:58.720Z error 500 - Options contain unknown keys: mainDomainSegments - /api/users/signup - POST - ::1
2020-09-10T03:18:57.536Z error 500 - Options contain unknown keys: mainDomainSegments - /api/users/signup - POST - ::1
2020-09-10T03:20:20.179Z error 500 - Options contain unknown keys: mainDomainSegments - /api/users/signup - POST - ::1
2020-09-10T03:24:51.138Z info ::1 - - [10/Sep/2020:03:24:51 +0000] "GET /api/users/5f599c3edaeccc38f062f3ba HTTP/1.1" 404 173 "-" "PostmanRuntime/7.26.5"

2020-09-10T03:27:38.288Z info ::1 - - [10/Sep/2020:03:27:38 +0000] "GET /api/users/signup HTTP/1.1" 404 155 "-" "PostmanRuntime/7.26.5"

