2020-09-10T00:52:17.141Z error uncaughtException: validate is not defined
ReferenceError: validate is not defined
    at Object.<anonymous> (C:\Users\oyino\Documents\Applications\shop\eShop\eShop\server\validation\auth.js:16:26)
    at Module._compile (internal/modules/cjs/loader.js:1137:30)
    at Object.Module._extensions..js (internal/modules/cjs/loader.js:1157:10)
    at Module.load (internal/modules/cjs/loader.js:985:32)
    at Function.Module._load (internal/modules/cjs/loader.js:878:14)
    at Module.require (internal/modules/cjs/loader.js:1025:19)
    at require (internal/modules/cjs/helpers.js:72:18)
    at Object.<anonymous> (C:\Users\oyino\Documents\Applications\shop\eShop\eShop\server\controllers\auth.js:2:22)
    at Module._compile (internal/modules/cjs/loader.js:1137:30)
    at Object.Module._extensions..js (internal/modules/cjs/loader.js:1157:10)
    at Module.load (internal/modules/cjs/loader.js:985:32)
    at Function.Module._load (internal/modules/cjs/loader.js:878:14)
    at Module.require (internal/modules/cjs/loader.js:1025:19)
    at require (internal/modules/cjs/helpers.js:72:18)
    at Object.<anonymous> (C:\Users\oyino\Documents\Applications\shop\eShop\eShop\server\routes\api\auth.js:3:24)
    at Module._compile (internal/modules/cjs/loader.js:1137:30)
2020-09-10T00:52:59.931Z error uncaughtException: Route.post() requires a callback function but got a [object Object]
Error: Route.post() requires a callback function but got a [object Object]
    at Route.<computed> [as post] (C:\Users\oyino\Documents\Applications\shop\eShop\eShop\node_modules\express\lib\router\route.js:202:15)
    at Function.proto.<computed> [as post] (C:\Users\oyino\Documents\Applications\shop\eShop\eShop\node_modules\express\lib\router\index.js:510:19)
    at Object.<anonymous> (C:\Users\oyino\Documents\Applications\shop\eShop\eShop\server\routes\api\auth.js:5:8)
    at Module._compile (internal/modules/cjs/loader.js:1137:30)
    at Object.Module._extensions..js (internal/modules/cjs/loader.js:1157:10)
    at Module.load (internal/modules/cjs/loader.js:985:32)
    at Function.Module._load (internal/modules/cjs/loader.js:878:14)
    at Module.require (internal/modules/cjs/loader.js:1025:19)
    at require (internal/modules/cjs/helpers.js:72:18)
    at Object.<anonymous> (C:\Users\oyino\Documents\Applications\shop\eShop\eShop\server.js:8:14)
    at Module._compile (internal/modules/cjs/loader.js:1137:30)
    at Object.Module._extensions..js (internal/modules/cjs/loader.js:1157:10)
    at Module.load (internal/modules/cjs/loader.js:985:32)
    at Function.Module._load (internal/modules/cjs/loader.js:878:14)
    at Function.executeUserEntryPoint [as runMain] (internal/modules/run_main.js:71:12)
    at internal/main/run_main_module.js:17:47
2020-09-10T00:54:45.526Z error uncaughtException: Route.post() requires a callback function but got a [object Object]
Error: Route.post() requires a callback function but got a [object Object]
    at Route.<computed> [as post] (C:\Users\oyino\Documents\Applications\shop\eShop\eShop\node_modules\express\lib\router\route.js:202:15)
    at Function.proto.<computed> [as post] (C:\Users\oyino\Documents\Applications\shop\eShop\eShop\node_modules\express\lib\router\index.js:510:19)
    at Object.<anonymous> (C:\Users\oyino\Documents\Applications\shop\eShop\eShop\server\routes\api\auth.js:5:8)
    at Module._compile (internal/modules/cjs/loader.js:1137:30)
    at Object.Module._extensions..js (internal/modules/cjs/loader.js:1157:10)
    at Module.load (internal/modules/cjs/loader.js:985:32)
    at Function.Module._load (internal/modules/cjs/loader.js:878:14)
    at Module.require (internal/modules/cjs/loader.js:1025:19)
    at require (internal/modules/cjs/helpers.js:72:18)
    at Object.<anonymous> (C:\Users\oyino\Documents\Applications\shop\eShop\eShop\server.js:8:14)
    at Module._compile (internal/modules/cjs/loader.js:1137:30)
    at Object.Module._extensions..js (internal/modules/cjs/loader.js:1157:10)
    at Module.load (internal/modules/cjs/loader.js:985:32)
    at Function.Module._load (internal/modules/cjs/loader.js:878:14)
    at Function.executeUserEntryPoint [as runMain] (internal/modules/run_main.js:71:12)
    at internal/main/run_main_module.js:17:47
2020-09-10T00:54:50.951Z error uncaughtException: Router.use() requires a middleware function but got a Object
TypeError: Router.use() requires a middleware function but got a Object
    at Function.use (C:\Users\oyino\Documents\Applications\shop\eShop\eShop\node_modules\express\lib\router\index.js:458:13)
    at Function.<anonymous> (C:\Users\oyino\Documents\Applications\shop\eShop\eShop\node_modules\express\lib\application.js:220:21)
    at Array.forEach (<anonymous>)
    at Function.use (C:\Users\oyino\Documents\Applications\shop\eShop\eShop\node_modules\express\lib\application.js:217:7)
    at Object.<anonymous> (C:\Users\oyino\Documents\Applications\shop\eShop\eShop\server.js:23:5)
    at Module._compile (internal/modules/cjs/loader.js:1137:30)
    at Object.Module._extensions..js (internal/modules/cjs/loader.js:1157:10)
    at Module.load (internal/modules/cjs/loader.js:985:32)
    at Function.Module._load (internal/modules/cjs/loader.js:878:14)
    at Function.executeUserEntryPoint [as runMain] (internal/modules/run_main.js:71:12)
    at internal/main/run_main_module.js:17:47
